2019-09-14 17:18:22,122 -  case - INFO - 测试开始啦 - [logger.py:33 ]
2019-09-14 17:18:22,123 -  case - ERROR - 测试报错 - [logger.py:34 ]
2019-09-14 17:18:22,123 -  case - INFO - 测试结束 - [logger.py:36 ]
2019-09-14 17:19:09,431 -  case - INFO - 测试开始啦 - [logger.py:33 ]
2019-09-14 17:19:09,433 -  case - ERROR - 测试报错 - [logger.py:34 ]
2019-09-14 17:19:09,434 -  case - INFO - 测试结束 - [logger.py:36 ]
2019-09-14 17:19:09,527 -  test_login - INFO - 准备测试前置 - [test_login.py:23 ]
2019-09-14 17:19:09,531 -  test_login - INFO - 开始测试：正常登录 - [test_login.py:28 ]
2019-09-14 17:19:09,859 -  test_login - INFO - 开始测试：不输入手机号 - [test_login.py:28 ]
2019-09-14 17:19:09,952 -  test_login - INFO - 开始测试：不输入密码 - [test_login.py:28 ]
2019-09-14 17:19:10,042 -  test_login - INFO - 开始测试：手机号不完整 - [test_login.py:28 ]
2019-09-14 17:19:10,175 -  test_login - INFO - 开始测试：账号格式错误 - [test_login.py:28 ]
2019-09-14 17:19:10,313 -  test_login - INFO - 开始测试：账号格式错误 - [test_login.py:28 ]
2019-09-14 17:19:10,440 -  test_login - INFO - 开始测试：密码超出18位 - [test_login.py:28 ]
2019-09-14 17:19:10,550 -  test_login - INFO - 开始测试：账号或密码错误 - [test_login.py:28 ]
2019-09-14 17:19:10,727 -  test_login - INFO - 开始测试：账号或密码错误 - [test_login.py:28 ]
2019-09-14 17:19:10,856 -  test_login - INFO - 开始测试：账号格式错误 - [test_login.py:28 ]
2019-09-14 17:19:10,974 -  test_login - INFO - 测试后置处理 - [test_login.py:40 ]
2019-09-14 19:38:46,568 -  case - INFO - 测试开始啦 - [logger.py:31 ]
2019-09-14 19:38:46,569 -  case - ERROR - 测试报错 - [logger.py:32 ]
2019-09-14 19:38:46,569 -  case - INFO - 测试结束 - [logger.py:34 ]
2019-09-14 19:39:02,365 -  case - INFO - 测试开始啦 - [logger.py:31 ]
2019-09-14 19:39:02,369 -  case - ERROR - 测试报错 - [logger.py:32 ]
2019-09-14 19:39:02,369 -  case - INFO - 测试结束 - [logger.py:34 ]
2019-09-14 19:39:02,430 -  test_login - INFO - 准备测试前置 - [test_login.py:21 ]
2019-09-14 19:39:02,434 -  test_login - INFO - 开始测试：正常登录 - [test_login.py:26 ]
2019-09-14 19:39:03,756 -  test_login - INFO - 开始测试：不输入手机号 - [test_login.py:26 ]
2019-09-14 19:39:04,136 -  test_login - INFO - 开始测试：不输入密码 - [test_login.py:26 ]
2019-09-14 19:39:04,570 -  test_login - INFO - 开始测试：手机号不完整 - [test_login.py:26 ]
2019-09-14 19:39:05,062 -  test_login - INFO - 开始测试：账号格式错误 - [test_login.py:26 ]
2019-09-14 19:39:05,487 -  test_login - INFO - 开始测试：账号格式错误 - [test_login.py:26 ]
2019-09-14 19:39:05,689 -  test_login - INFO - 开始测试：密码超出18位 - [test_login.py:26 ]
2019-09-14 19:39:05,841 -  test_login - INFO - 开始测试：账号或密码错误 - [test_login.py:26 ]
2019-09-14 19:39:05,989 -  test_login - INFO - 开始测试：账号或密码错误 - [test_login.py:26 ]
2019-09-14 19:39:06,138 -  test_login - INFO - 开始测试：账号格式错误 - [test_login.py:26 ]
2019-09-14 19:39:06,295 -  test_login - INFO - 测试后置处理 - [test_login.py:38 ]
2019-09-14 20:11:00,361 -  case - INFO - 测试开始啦 - [logger.py:31 ]
2019-09-14 20:11:00,369 -  case - ERROR - 测试报错 - [logger.py:32 ]
2019-09-14 20:11:00,369 -  case - INFO - 测试结束 - [logger.py:34 ]
2019-09-14 20:11:13,127 -  test_login - INFO - 准备测试前置 - [test_login.py:21 ]
2019-09-14 20:11:13,140 -  test_login - INFO - 开始测试：正常登录 - [test_login.py:26 ]
2019-09-14 20:11:14,344 -  test_login - INFO - 开始测试：不输入手机号 - [test_login.py:26 ]
2019-09-14 20:11:14,946 -  test_login - INFO - 开始测试：不输入密码 - [test_login.py:26 ]
2019-09-14 20:11:15,646 -  test_login - INFO - 开始测试：手机号不完整 - [test_login.py:26 ]
2019-09-14 20:11:16,344 -  test_login - INFO - 开始测试：账号格式错误 - [test_login.py:26 ]
2019-09-14 20:11:17,057 -  test_login - INFO - 开始测试：账号格式错误 - [test_login.py:26 ]
2019-09-14 20:11:17,788 -  test_login - INFO - 开始测试：密码超出18位 - [test_login.py:26 ]
2019-09-14 20:11:18,240 -  test_login - INFO - 开始测试：账号或密码错误 - [test_login.py:26 ]
2019-09-14 20:11:18,401 -  test_login - INFO - 开始测试：账号或密码错误 - [test_login.py:26 ]
2019-09-14 20:11:18,560 -  test_login - INFO - 开始测试：账号格式错误 - [test_login.py:26 ]
2019-09-14 20:11:19,091 -  test_login - INFO - 测试后置处理 - [test_login.py:38 ]
